=== Pose Splatter Auto-Training Script ===
Waiting for mouse-super-resolution to complete...
Expected completion: ~17:26 (in 15 minutes)

[17:15:47] mouse-super-resolution still running (PID: 1116776)...
[17:16:47] mouse-super-resolution still running (PID: 1116776)...
[17:17:47] mouse-super-resolution still running (PID: 1116776)...
[17:18:47] mouse-super-resolution still running (PID: 1116776)...
[17:19:47] mouse-super-resolution still running (PID: 1116776)...
[17:20:47] mouse-super-resolution still running (PID: 1116776)...
[17:21:47] mouse-super-resolution still running (PID: 1116776)...
[17:22:47] mouse-super-resolution still running (PID: 1116776)...

[17:23:47] ✅ mouse-super-resolution completed!
Waiting 10 seconds to ensure GPU is free...

=== GPU Status ===
306, 12288, 0

=== Starting Pose Splatter Training ===
Config: configs/markerless_mouse_nerf.json
Epochs: 50
Output: output/markerless_mouse_nerf/

Config file: configs/markerless_mouse_nerf.json
Load flag: False
Ablation flag: False
Epochs: 50
Max Batches: None
Traceback (most recent call last):
  File "/home/joon/dev/pose-splatter/train_script.py", line 260, in <module>
    intrinsic, extrinsic, Ps = get_cam_params(
  File "/home/joon/dev/pose-splatter/src/utils.py", line 74, in get_cam_params
    assert os.path.exists(up_fn)
AssertionError

[17:23:59] ✅ Training completed!
Check results at: output/markerless_mouse_nerf/
