=========================================
Pose Splatter Automated Full Pipeline
=========================================
Start time: 2025-11-09 17:44:29
Config: configs/markerless_mouse_nerf.json

[Step 2/7] Calculate center and rotation
  Start: 17:44:29
Traceback (most recent call last):
  File "/home/joon/dev/pose-splatter/calculate_center_rotation.py", line 8, in <module>
    import cv2
ModuleNotFoundError: No module named 'cv2'
  Done: 17:44:30

[Step 3/7] Calculate volume crop indices
  Start: 17:44:30
Traceback (most recent call last):
  File "/home/joon/dev/pose-splatter/calculate_crop_indices.py", line 9, in <module>
    import cv2
ModuleNotFoundError: No module named 'cv2'
  WARNING: Could not auto-detect volume_idx, using default
  Done: 17:44:30

[Step 4/7] Write images to HDF5
  Start: 17:44:30
  This will take 2-4 hours...
Traceback (most recent call last):
  File "/home/joon/dev/pose-splatter/write_images.py", line 7, in <module>
    import cv2
ModuleNotFoundError: No module named 'cv2'
  Done: 17:44:30

[Step 5/7] Convert HDF5 to Zarr
  Start: 17:44:30
Traceback (most recent call last):
  File "/home/joon/dev/pose-splatter/copy_to_zarr.py", line 148, in <module>
    main()
  File "/home/joon/dev/pose-splatter/copy_to_zarr.py", line 135, in main
    with h5py.File(args.input_h5, "r") as h5_file:
  File "/home/joon/.local/lib/python3.10/site-packages/h5py/_hl/files.py", line 566, in __init__
    fid = make_fid(name, mode, userblock_size, fapl, fcpl, swmr=swmr)
  File "/home/joon/.local/lib/python3.10/site-packages/h5py/_hl/files.py", line 241, in make_fid
    fid = h5f.open(name, flags, fapl=fapl)
  File "h5py/_objects.pyx", line 54, in h5py._objects.with_phil.wrapper
  File "h5py/_objects.pyx", line 55, in h5py._objects.with_phil.wrapper
  File "h5py/h5f.pyx", line 104, in h5py.h5f.open
FileNotFoundError: [Errno 2] Unable to synchronously open file (unable to open file: name = 'output/markerless_mouse_nerf/images/images.h5', errno = 2, error message = 'No such file or directory', flags = 0, o_flags = 0)
  Done: 17:44:30

[Step 6/7] Train model (50 epochs)
  Start: 17:44:30
  This will take 4-8 hours...
Config file: configs/markerless_mouse_nerf.json
Load flag: False
Ablation flag: False
Epochs: 50
Max Batches: None
Traceback (most recent call last):
  File "/home/joon/dev/pose-splatter/train_script.py", line 260, in <module>
    intrinsic, extrinsic, Ps = get_cam_params(
  File "/home/joon/dev/pose-splatter/src/utils.py", line 74, in get_cam_params
    assert os.path.exists(up_fn)
AssertionError
  Done: 17:44:33

[Step 7/7] Evaluate model
  Start: 17:44:33
Config file: configs/markerless_mouse_nerf.json
Force flag: False
Rendering images...
Traceback (most recent call last):
  File "/home/joon/dev/pose-splatter/evaluate_model.py", line 279, in <module>
    render_images(render_fn, config, ablation=args.ablation, load_fn=args.model_fn)
  File "/home/joon/dev/pose-splatter/evaluate_model.py", line 27, in render_images
    intrinsic, extrinsic, Ps = get_cam_params(
  File "/home/joon/dev/pose-splatter/src/utils.py", line 74, in get_cam_params
    assert os.path.exists(up_fn)
AssertionError
  Done: 17:44:35

[Bonus] Render sample images
  Start: 17:44:35
Traceback (most recent call last):
  File "/home/joon/dev/pose-splatter/render_image.py", line 216, in <module>
    render_image(config, args, out_fn, args.model_fn, args.ablation)
  File "/home/joon/dev/pose-splatter/render_image.py", line 25, in render_image
    intrinsic, extrinsic, _ = get_cam_params(
  File "/home/joon/dev/pose-splatter/src/utils.py", line 74, in get_cam_params
    assert os.path.exists(up_fn)
AssertionError
